# JRE version: OpenJDK Runtime Environment Zulu16.32+15-CA (16.0.2+7) (build 16.0.2+7)
# Java VM: OpenJDK 64-Bit Server VM Zulu16.32+15-CA (16.0.2+7, mixed mode, tiered, compressed oops, compressed class ptrs, g1 gc, bsd-aarch64)
GC Precious Log:
 CPUs: 10 total, 10 available
 Memory: 32768M
 Large Page Support: Disabled
 NUMA Support: Disabled
 Compressed Oops: Enabled (Zero based)
 Heap Region Size: 1M
 Heap Min Capacity: 8M
 Heap Initial Capacity: 512M
 Heap Max Capacity: 512M
 Pre-touch: Disabled
 Parallel Workers: 9
 Concurrent Workers: 2
 Concurrent Refinement Workers: 9
 Periodic GC: Disabled
Heap:
 garbage-first heap   total 348160K, used 185103K [0x00000007a0000000, 0x00000007c0000000)
  region size 1024K, 80 young (81920K), 8 survivors (8192K)
 Metaspace       used 21880K, committed 22144K, reserved 1073152K
  class space    used 2281K, committed 2432K, reserved 1048576K
GC Heap History (20 events):
Event: 0.580 GC heap before
{Heap before GC invocations=4 (full 0):
 garbage-first heap   total 96256K, used 94562K [0x00000007a0000000, 0x00000007c0000000)
  region size 1024K, 78 young (79872K), 5 survivors (5120K)
 Metaspace       used 21435K, committed 21632K, reserved 1073152K
  class space    used 2262K, committed 2368K, reserved 1048576K
}
Event: 0.586 GC heap after
{Heap after GC invocations=5 (full 0):
 garbage-first heap   total 110592K, used 29744K [0x00000007a0000000, 0x00000007c0000000)
  region size 1024K, 14 young (14336K), 14 survivors (14336K)
 Metaspace       used 21435K, committed 21632K, reserved 1073152K
  class space    used 2262K, committed 2368K, reserved 1048576K
}
Event: 0.607 GC heap before
{Heap before GC invocations=5 (full 0):
 garbage-first heap   total 110592K, used 73776K [0x00000007a0000000, 0x00000007c0000000)
  region size 1024K, 58 young (59392K), 14 survivors (14336K)
 Metaspace       used 21450K, committed 21696K, reserved 1073152K
  class space    used 2263K, committed 2368K, reserved 1048576K
}
Event: 0.615 GC heap after
{Heap after GC invocations=6 (full 0):
 garbage-first heap   total 110592K, used 32629K [0x00000007a0000000, 0x00000007c0000000)
  region size 1024K, 3 young (3072K), 3 survivors (3072K)
 Metaspace       used 21450K, committed 21696K, reserved 1073152K
  class space    used 2263K, committed 2368K, reserved 1048576K
}
Event: 0.641 GC heap before
{Heap before GC invocations=6 (full 0):
 garbage-first heap   total 110592K, used 76661K [0x00000007a0000000, 0x00000007c0000000)
  region size 1024K, 47 young (48128K), 3 survivors (3072K)
 Metaspace       used 21461K, committed 21696K, reserved 1073152K
  class space    used 2263K, committed 2368K, reserved 1048576K
}
Event: 0.642 GC heap after
{Heap after GC invocations=7 (full 0):
 garbage-first heap   total 110592K, used 33864K [0x00000007a0000000, 0x00000007c0000000)
  region size 1024K, 5 young (5120K), 5 survivors (5120K)
 Metaspace       used 21461K, committed 21696K, reserved 1073152K
  class space    used 2263K, committed 2368K, reserved 1048576K
}
Event: 0.658 GC heap before
{Heap before GC invocations=7 (full 0):
 garbage-first heap   total 110592K, used 79944K [0x00000007a0000000, 0x00000007c0000000)
  region size 1024K, 51 young (52224K), 5 survivors (5120K)
 Metaspace       used 21462K, committed 21696K, reserved 1073152K
  class space    used 2263K, committed 2368K, reserved 1048576K
}
Event: 0.661 GC heap after
{Heap after GC invocations=8 (full 0):
 garbage-first heap   total 110592K, used 36051K [0x00000007a0000000, 0x00000007c0000000)
  region size 1024K, 5 young (5120K), 5 survivors (5120K)
 Metaspace       used 21462K, committed 21696K, reserved 1073152K
  class space    used 2263K, committed 2368K, reserved 1048576K
}
Event: 0.686 GC heap before
{Heap before GC invocations=8 (full 0):
 garbage-first heap   total 110592K, used 82131K [0x00000007a0000000, 0x00000007c0000000)
  region size 1024K, 51 young (52224K), 5 survivors (5120K)
 Metaspace       used 21487K, committed 21696K, reserved 1073152K
  class space    used 2263K, committed 2368K, reserved 1048576K
}
Event: 0.689 GC heap after
{Heap after GC invocations=9 (full 0):
 garbage-first heap   total 317440K, used 39695K [0x00000007a0000000, 0x00000007c0000000)
  region size 1024K, 6 young (6144K), 6 survivors (6144K)
 Metaspace       used 21487K, committed 21696K, reserved 1073152K
  class space    used 2263K, committed 2368K, reserved 1048576K
}
Event: 0.744 GC heap before
{Heap before GC invocations=9 (full 0):
 garbage-first heap   total 317440K, used 222991K [0x00000007a0000000, 0x00000007c0000000)
  region size 1024K, 186 young (190464K), 6 survivors (6144K)
 Metaspace       used 21549K, committed 21824K, reserved 1073152K
  class space    used 2265K, committed 2368K, reserved 1048576K
}
Event: 0.752 GC heap after
{Heap after GC invocations=10 (full 0):
 garbage-first heap   total 317440K, used 59405K [0x00000007a0000000, 0x00000007c0000000)
  region size 1024K, 24 young (24576K), 24 survivors (24576K)
 Metaspace       used 21549K, committed 21824K, reserved 1073152K
  class space    used 2265K, committed 2368K, reserved 1048576K
}
Event: 0.796 GC heap before
{Heap before GC invocations=10 (full 0):
 garbage-first heap   total 317440K, used 220173K [0x00000007a0000000, 0x00000007c0000000)
  region size 1024K, 182 young (186368K), 24 survivors (24576K)
 Metaspace       used 21553K, committed 21824K, reserved 1073152K
  class space    used 2265K, committed 2368K, reserved 1048576K
}
Event: 0.803 GC heap after
{Heap after GC invocations=11 (full 0):
 garbage-first heap   total 317440K, used 75475K [0x00000007a0000000, 0x00000007c0000000)
  region size 1024K, 16 young (16384K), 16 survivors (16384K)
 Metaspace       used 21553K, committed 21824K, reserved 1073152K
  class space    used 2265K, committed 2368K, reserved 1048576K
}
Event: 0.837 GC heap before
{Heap before GC invocations=11 (full 0):
 garbage-first heap   total 317440K, used 230099K [0x00000007a0000000, 0x00000007c0000000)
  region size 1024K, 168 young (172032K), 16 survivors (16384K)
 Metaspace       used 21566K, committed 21824K, reserved 1073152K
  class space    used 2267K, committed 2368K, reserved 1048576K
}
Event: 0.843 GC heap after
{Heap after GC invocations=12 (full 0):
 garbage-first heap   total 317440K, used 84817K [0x00000007a0000000, 0x00000007c0000000)
  region size 1024K, 10 young (10240K), 10 survivors (10240K)
 Metaspace       used 21566K, committed 21824K, reserved 1073152K
  class space    used 2267K, committed 2368K, reserved 1048576K
}
Event: 1.006 GC heap before
{Heap before GC invocations=12 (full 0):
 garbage-first heap   total 317440K, used 241489K [0x00000007a0000000, 0x00000007c0000000)
  region size 1024K, 164 young (167936K), 10 survivors (10240K)
 Metaspace       used 21865K, committed 22144K, reserved 1073152K
  class space    used 2281K, committed 2432K, reserved 1048576K
}
Event: 1.014 GC heap after
{Heap after GC invocations=13 (full 0):
 garbage-first heap   total 348160K, used 104750K [0x00000007a0000000, 0x00000007c0000000)
  region size 1024K, 21 young (21504K), 21 survivors (21504K)
 Metaspace       used 21865K, committed 22144K, reserved 1073152K
  class space    used 2281K, committed 2432K, reserved 1048576K
}
Event: 1.059 GC heap before
{Heap before GC invocations=13 (full 0):
 garbage-first heap   total 348160K, used 258350K [0x00000007a0000000, 0x00000007c0000000)
  region size 1024K, 172 young (176128K), 21 survivors (21504K)
 Metaspace       used 21876K, committed 22144K, reserved 1073152K
  class space    used 2281K, committed 2432K, reserved 1048576K
}
Event: 1.068 GC heap after
{Heap after GC invocations=14 (full 0):
 garbage-first heap   total 348160K, used 113423K [0x00000007a0000000, 0x00000007c0000000)
  region size 1024K, 8 young (8192K), 8 survivors (8192K)
 Metaspace       used 21876K, committed 22144K, reserved 1073152K
  class space    used 2281K, committed 2432K, reserved 1048576K
}

