# JRE version: OpenJDK Runtime Environment Zulu16.32+15-CA (16.0.2+7) (build 16.0.2+7)
# Java VM: OpenJDK 64-Bit Server VM Zulu16.32+15-CA (16.0.2+7, mixed mode, tiered, compressed oops, compressed class ptrs, g1 gc, bsd-aarch64)
GC Precious Log:
 CPUs: 10 total, 10 available
 Memory: 32768M
 Large Page Support: Disabled
 NUMA Support: Disabled
 Compressed Oops: Enabled (Zero based)
 Heap Region Size: 1M
 Heap Min Capacity: 8M
 Heap Initial Capacity: 512M
 Heap Max Capacity: 512M
 Pre-touch: Disabled
 Parallel Workers: 9
 Concurrent Workers: 2
 Concurrent Refinement Workers: 9
 Periodic GC: Disabled
Heap:
 garbage-first heap   total 361472K, used 259771K [0x00000007a0000000, 0x00000007c0000000)
  region size 1024K, 126 young (129024K), 17 survivors (17408K)
 Metaspace       used 21885K, committed 22144K, reserved 1073152K
  class space    used 2278K, committed 2432K, reserved 1048576K
GC Heap History (20 events):
Event: 0.623 GC heap before
{Heap before GC invocations=6 (full 0):
 garbage-first heap   total 118784K, used 89109K [0x00000007a0000000, 0x00000007c0000000)
  region size 1024K, 58 young (59392K), 4 survivors (4096K)
 Metaspace       used 21463K, committed 21696K, reserved 1073152K
  class space    used 2259K, committed 2368K, reserved 1048576K
}
Event: 0.625 GC heap after
{Heap after GC invocations=7 (full 0):
 garbage-first heap   total 118784K, used 36436K [0x00000007a0000000, 0x00000007c0000000)
  region size 1024K, 5 young (5120K), 5 survivors (5120K)
 Metaspace       used 21463K, committed 21696K, reserved 1073152K
  class space    used 2259K, committed 2368K, reserved 1048576K
}
Event: 0.650 GC heap before
{Heap before GC invocations=7 (full 0):
 garbage-first heap   total 118784K, used 91732K [0x00000007a0000000, 0x00000007c0000000)
  region size 1024K, 60 young (61440K), 5 survivors (5120K)
 Metaspace       used 21481K, committed 21696K, reserved 1073152K
  class space    used 2260K, committed 2368K, reserved 1048576K
}
Event: 0.654 GC heap after
{Heap after GC invocations=8 (full 0):
 garbage-first heap   total 118784K, used 40584K [0x00000007a0000000, 0x00000007c0000000)
  region size 1024K, 7 young (7168K), 7 survivors (7168K)
 Metaspace       used 21481K, committed 21696K, reserved 1073152K
  class space    used 2260K, committed 2368K, reserved 1048576K
}
Event: 0.669 GC heap before
{Heap before GC invocations=8 (full 0):
 garbage-first heap   total 118784K, used 91784K [0x00000007a0000000, 0x00000007c0000000)
  region size 1024K, 58 young (59392K), 7 survivors (7168K)
 Metaspace       used 21544K, committed 21760K, reserved 1073152K
  class space    used 2262K, committed 2368K, reserved 1048576K
}
Event: 0.673 GC heap after
{Heap after GC invocations=9 (full 0):
 garbage-first heap   total 321536K, used 46633K [0x00000007a0000000, 0x00000007c0000000)
  region size 1024K, 8 young (8192K), 8 survivors (8192K)
 Metaspace       used 21544K, committed 21760K, reserved 1073152K
  class space    used 2262K, committed 2368K, reserved 1048576K
}
Event: 0.730 GC heap before
{Heap before GC invocations=9 (full 0):
 garbage-first heap   total 321536K, used 228905K [0x00000007a0000000, 0x00000007c0000000)
  region size 1024K, 187 young (191488K), 8 survivors (8192K)
 Metaspace       used 21552K, committed 21824K, reserved 1073152K
  class space    used 2262K, committed 2368K, reserved 1048576K
}
Event: 0.737 GC heap after
{Heap after GC invocations=10 (full 0):
 garbage-first heap   total 321536K, used 66249K [0x00000007a0000000, 0x00000007c0000000)
  region size 1024K, 24 young (24576K), 24 survivors (24576K)
 Metaspace       used 21552K, committed 21824K, reserved 1073152K
  class space    used 2262K, committed 2368K, reserved 1048576K
}
Event: 0.778 GC heap before
{Heap before GC invocations=10 (full 0):
 garbage-first heap   total 321536K, used 227017K [0x00000007a0000000, 0x00000007c0000000)
  region size 1024K, 182 young (186368K), 24 survivors (24576K)
 Metaspace       used 21553K, committed 21824K, reserved 1073152K
  class space    used 2262K, committed 2368K, reserved 1048576K
}
Event: 0.784 GC heap after
{Heap after GC invocations=11 (full 0):
 garbage-first heap   total 321536K, used 78464K [0x00000007a0000000, 0x00000007c0000000)
  region size 1024K, 12 young (12288K), 12 survivors (12288K)
 Metaspace       used 21553K, committed 21824K, reserved 1073152K
  class space    used 2262K, committed 2368K, reserved 1048576K
}
Event: 0.822 GC heap before
{Heap before GC invocations=11 (full 0):
 garbage-first heap   total 321536K, used 237184K [0x00000007a0000000, 0x00000007c0000000)
  region size 1024K, 168 young (172032K), 12 survivors (12288K)
 Metaspace       used 21576K, committed 21824K, reserved 1073152K
  class space    used 2264K, committed 2368K, reserved 1048576K
}
Event: 0.828 GC heap after
{Heap after GC invocations=12 (full 0):
 garbage-first heap   total 321536K, used 88186K [0x00000007a0000000, 0x00000007c0000000)
  region size 1024K, 10 young (10240K), 10 survivors (10240K)
 Metaspace       used 21576K, committed 21824K, reserved 1073152K
  class space    used 2264K, committed 2368K, reserved 1048576K
}
Event: 1.000 GC heap before
{Heap before GC invocations=12 (full 0):
 garbage-first heap   total 321536K, used 246906K [0x00000007a0000000, 0x00000007c0000000)
  region size 1024K, 166 young (169984K), 10 survivors (10240K)
 Metaspace       used 21874K, committed 22144K, reserved 1073152K
  class space    used 2278K, committed 2432K, reserved 1048576K
}
Event: 1.009 GC heap after
{Heap after GC invocations=13 (full 0):
 garbage-first heap   total 361472K, used 109294K [0x00000007a0000000, 0x00000007c0000000)
  region size 1024K, 21 young (21504K), 21 survivors (21504K)
 Metaspace       used 21874K, committed 22144K, reserved 1073152K
  class space    used 2278K, committed 2432K, reserved 1048576K
}
Event: 1.053 GC heap before
{Heap before GC invocations=13 (full 0):
 garbage-first heap   total 361472K, used 270062K [0x00000007a0000000, 0x00000007c0000000)
  region size 1024K, 179 young (183296K), 21 survivors (21504K)
 Metaspace       used 21880K, committed 22144K, reserved 1073152K
  class space    used 2278K, committed 2432K, reserved 1048576K
}
Event: 1.065 GC heap after
{Heap after GC invocations=14 (full 0):
 garbage-first heap   total 361472K, used 118352K [0x00000007a0000000, 0x00000007c0000000)
  region size 1024K, 8 young (8192K), 8 survivors (8192K)
 Metaspace       used 21880K, committed 22144K, reserved 1073152K
  class space    used 2278K, committed 2432K, reserved 1048576K
}
Event: 1.111 GC heap before
{Heap before GC invocations=14 (full 0):
 garbage-first heap   total 361472K, used 278096K [0x00000007a0000000, 0x00000007c0000000)
  region size 1024K, 165 young (168960K), 8 survivors (8192K)
 Metaspace       used 21885K, committed 22144K, reserved 1073152K
  class space    used 2278K, committed 2432K, reserved 1048576K
}
Event: 1.120 GC heap after
{Heap after GC invocations=15 (full 0):
 garbage-first heap   total 361472K, used 133362K [0x00000007a0000000, 0x00000007c0000000)
  region size 1024K, 21 young (21504K), 21 survivors (21504K)
 Metaspace       used 21885K, committed 22144K, reserved 1073152K
  class space    used 2278K, committed 2432K, reserved 1048576K
}
Event: 1.156 GC heap before
{Heap before GC invocations=15 (full 0):
 garbage-first heap   total 361472K, used 278770K [0x00000007a0000000, 0x00000007c0000000)
  region size 1024K, 164 young (167936K), 21 survivors (21504K)
 Metaspace       used 21885K, committed 22144K, reserved 1073152K
  class space    used 2278K, committed 2432K, reserved 1048576K
}
Event: 1.162 GC heap after
{Heap after GC invocations=16 (full 0):
 garbage-first heap   total 361472K, used 150203K [0x00000007a0000000, 0x00000007c0000000)
  region size 1024K, 17 young (17408K), 17 survivors (17408K)
 Metaspace       used 21885K, committed 22144K, reserved 1073152K
  class space    used 2278K, committed 2432K, reserved 1048576K
}

